<?xml version="1.0" encoding="UTF-8"?>
<!-- Generated by org.testng.reporters.JUnitReportReporter -->
<testsuite hostname="LAPTOP-BFM6S3H0" failures="0" tests="1" name="Com.crm.vtiger.Tests.Tc30_CreatingCustomerFilterwithAdvanceFilter_Test" time="20.356" errors="0" timestamp="2021-05-04T12:34:47 IST" skipped="0">
  <testcase classname="Com.crm.vtiger.Tests.Tc30_CreatingCustomerFilterwithAdvanceFilter_Test" name="CreateProduct" time="20.356"/>
</testsuite> <!-- Com.crm.vtiger.Tests.Tc30_CreatingCustomerFilterwithAdvanceFilter_Test -->
