<?xml version="1.0" encoding="UTF-8"?>
<!-- Generated by org.testng.reporters.JUnitReportReporter -->
<testsuite hostname="LAPTOP-BFM6S3H0" failures="0" tests="1" name="Com.crm.vtiger.assigntests.Tc30_CreatingCustomerFilterwithAdvanceFilter_Test" time="30.805" errors="0" timestamp="2021-05-06T02:37:32 IST" skipped="0">
  <testcase classname="Com.crm.vtiger.assigntests.Tc30_CreatingCustomerFilterwithAdvanceFilter_Test" name="CreateProduct" time="30.805"/>
</testsuite> <!-- Com.crm.vtiger.assigntests.Tc30_CreatingCustomerFilterwithAdvanceFilter_Test -->
