<?xml version="1.0" encoding="UTF-8"?>
<!-- Generated by org.testng.reporters.JUnitReportReporter -->
<testsuite hostname="LAPTOP-BFM6S3H0" failures="0" tests="1" name="Com.crm.vtiger.Tests.WriteExcelData" time="1.246" errors="0" timestamp="30 Apr 2021 10:32:47 GMT" skipped="0">
  <testcase classname="Com.crm.vtiger.Tests.WriteExcelData" name="writedata" time="1.246"/>
</testsuite> <!-- Com.crm.vtiger.Tests.WriteExcelData -->
