<?xml version="1.0" encoding="UTF-8"?>
<!-- Generated by org.testng.reporters.JUnitReportReporter -->
<testsuite hostname="LAPTOP-BFM6S3H0" failures="0" tests="1" name="Com.crm.vtiger.assigntests.Tc29_CreatingCustomerFilterwithStandardFilter_Test" time="17.234" errors="0" timestamp="2021-05-06T10:03:01 IST" skipped="0">
  <testcase classname="Com.crm.vtiger.assigntests.Tc29_CreatingCustomerFilterwithStandardFilter_Test" name="CreateCustomerwithstandardfilter" time="17.234"/>
</testsuite> <!-- Com.crm.vtiger.assigntests.Tc29_CreatingCustomerFilterwithStandardFilter_Test -->
