<?xml version="1.0" encoding="UTF-8"?>
<!-- Generated by org.testng.reporters.JUnitReportReporter -->
<testsuite hostname="LAPTOP-BFM6S3H0" failures="0" tests="1" name="Com.crm.vtiger.assigntests.Tc28_CreatingCustomerFilter_test" time="31.004" errors="0" timestamp="2021-05-06T02:43:10 IST" skipped="0">
  <testcase classname="Com.crm.vtiger.assigntests.Tc28_CreatingCustomerFilter_test" name="CreateProduct" time="31.004"/>
</testsuite> <!-- Com.crm.vtiger.assigntests.Tc28_CreatingCustomerFilter_test -->
